<?xml version="1.0" encoding="UTF-8"?>
<!-- Generated by org.testng.reporters.JUnitReportReporter -->
<testsuite hostname="DESKTOP-OBE06FL" failures="0" tests="2" name="com.cmccarthyirl.api.test.WeatherAPITest" time="1.436" errors="0" timestamp="2025-01-08T14:29:19 AEDT" skipped="0">
  <testcase classname="com.cmccarthyirl.api.test.WeatherAPITest" name="testGetWeatherForSydney" time="0.104"/>
  <testcase classname="com.cmccarthyirl.api.test.WeatherAPITest" name="testGetWeatherForDublin" time="1.332"/>
</testsuite> <!-- com.cmccarthyirl.api.test.WeatherAPITest -->
