<?xml version="1.0" encoding="UTF-8"?>
<!-- Generated by org.testng.reporters.JUnitReportReporter -->
<testsuite hostname="DESKTOP-OBE06FL" failures="0" tests="2" name="com.cmccarthyirl.api.test.WeatherAPITest" time="2.560" errors="0" timestamp="2025-01-10T00:33:10 AEDT" skipped="0">
  <testcase classname="com.cmccarthyirl.api.test.WeatherAPITest" name="testGetWeatherForDublin" time="2.273"/>
  <testcase classname="com.cmccarthyirl.api.test.WeatherAPITest" name="testGetWeatherForSydney" time="0.287"/>
</testsuite> <!-- com.cmccarthyirl.api.test.WeatherAPITest -->
