<?xml version="1.0" encoding="UTF-8"?>
<testsuite xmlns:xsi="http://www.w3.org/2001/XMLSchema-instance" xsi:noNamespaceSchemaLocation="https://maven.apache.org/surefire/maven-surefire-plugin/xsd/surefire-test-report-3.0.xsd" version="3.0" name="TestSuite" time="7.447" tests="2" errors="0" skipped="0" failures="0">
  <properties>
    <property name="java.specification.version" value="17"/>
    <property name="sun.cpu.isalist" value="amd64"/>
    <property name="sun.jnu.encoding" value="Cp1252"/>
    <property name="java.class.path" value="C:\Users\craig\IdeaProjects\playwright-java-test-harness\api\target\test-classes;C:\Users\craig\IdeaProjects\playwright-java-test-harness\api\target\classes;C:\Users\craig\IdeaProjects\playwright-java-test-harness\common\target\classes;C:\Users\craig\.m2\repository\com\aventstack\extentreports\5.0.9\extentreports-5.0.9.jar;C:\Users\craig\.m2\repository\io\reactivex\rxjava3\rxjava\3.0.4\rxjava-3.0.4.jar;C:\Users\craig\.m2\repository\org\reactivestreams\reactive-streams\1.0.3\reactive-streams-1.0.3.jar;C:\Users\craig\.m2\repository\org\freemarker\freemarker\2.3.30\freemarker-2.3.30.jar;C:\Users\craig\.m2\repository\com\google\code\gson\gson\2.8.6\gson-2.8.6.jar;C:\Users\craig\.m2\repository\ch\qos\logback\logback-classic\1.5.13\logback-classic-1.5.13.jar;C:\Users\craig\.m2\repository\org\slf4j\slf4j-api\2.0.15\slf4j-api-2.0.15.jar;C:\Users\craig\.m2\repository\ch\qos\logback\logback-core\1.5.13\logback-core-1.5.13.jar;C:\Users\craig\.m2\repository\com\microsoft\playwright\playwright\1.49.0\playwright-1.49.0.jar;C:\Users\craig\.m2\repository\org\opentest4j\opentest4j\1.3.0\opentest4j-1.3.0.jar;C:\Users\craig\.m2\repository\com\microsoft\playwright\driver\1.49.0\driver-1.49.0.jar;C:\Users\craig\.m2\repository\com\microsoft\playwright\driver-bundle\1.49.0\driver-bundle-1.49.0.jar;C:\Users\craig\.m2\repository\org\testng\testng\7.10.2\testng-7.10.2.jar;C:\Users\craig\.m2\repository\com\beust\jcommander\1.82\jcommander-1.82.jar;C:\Users\craig\.m2\repository\org\webjars\jquery\3.7.1\jquery-3.7.1.jar;C:\Users\craig\.m2\repository\org\projectlombok\lombok\1.18.36\lombok-1.18.36.jar;"/>
    <property name="java.vm.vendor" value="Oracle Corporation"/>
    <property name="sun.arch.data.model" value="64"/>
    <property name="user.variant" value=""/>
    <property name="java.vendor.url" value="https://java.oracle.com/"/>
    <property name="user.timezone" value="Australia/Sydney"/>
    <property name="os.name" value="Windows 11"/>
    <property name="java.vm.specification.version" value="17"/>
    <property name="sun.java.launcher" value="SUN_STANDARD"/>
    <property name="user.country" value="AU"/>
    <property name="sun.boot.library.path" value="C:\Program Files\Java\jdk-17.0.11\bin"/>
    <property name="sun.java.command" value="C:\Users\craig\AppData\Local\Temp\surefire16451561971159483001\surefirebooter-20250109215107922_10.jar C:\Users\craig\AppData\Local\Temp\surefire16451561971159483001 2025-01-09T21-50-54_220-jvmRun1 surefire-20250109215107922_8tmp surefire_1-20250109215107922_9tmp"/>
    <property name="jdk.debug" value="release"/>
    <property name="surefire.test.class.path" value="C:\Users\craig\IdeaProjects\playwright-java-test-harness\api\target\test-classes;C:\Users\craig\IdeaProjects\playwright-java-test-harness\api\target\classes;C:\Users\craig\IdeaProjects\playwright-java-test-harness\common\target\classes;C:\Users\craig\.m2\repository\com\aventstack\extentreports\5.0.9\extentreports-5.0.9.jar;C:\Users\craig\.m2\repository\io\reactivex\rxjava3\rxjava\3.0.4\rxjava-3.0.4.jar;C:\Users\craig\.m2\repository\org\reactivestreams\reactive-streams\1.0.3\reactive-streams-1.0.3.jar;C:\Users\craig\.m2\repository\org\freemarker\freemarker\2.3.30\freemarker-2.3.30.jar;C:\Users\craig\.m2\repository\com\google\code\gson\gson\2.8.6\gson-2.8.6.jar;C:\Users\craig\.m2\repository\ch\qos\logback\logback-classic\1.5.13\logback-classic-1.5.13.jar;C:\Users\craig\.m2\repository\org\slf4j\slf4j-api\2.0.15\slf4j-api-2.0.15.jar;C:\Users\craig\.m2\repository\ch\qos\logback\logback-core\1.5.13\logback-core-1.5.13.jar;C:\Users\craig\.m2\repository\com\microsoft\playwright\playwright\1.49.0\playwright-1.49.0.jar;C:\Users\craig\.m2\repository\org\opentest4j\opentest4j\1.3.0\opentest4j-1.3.0.jar;C:\Users\craig\.m2\repository\com\microsoft\playwright\driver\1.49.0\driver-1.49.0.jar;C:\Users\craig\.m2\repository\com\microsoft\playwright\driver-bundle\1.49.0\driver-bundle-1.49.0.jar;C:\Users\craig\.m2\repository\org\testng\testng\7.10.2\testng-7.10.2.jar;C:\Users\craig\.m2\repository\com\beust\jcommander\1.82\jcommander-1.82.jar;C:\Users\craig\.m2\repository\org\webjars\jquery\3.7.1\jquery-3.7.1.jar;C:\Users\craig\.m2\repository\org\projectlombok\lombok\1.18.36\lombok-1.18.36.jar;"/>
    <property name="sun.cpu.endian" value="little"/>
    <property name="user.home" value="C:\Users\craig"/>
    <property name="user.language" value="en"/>
    <property name="java.specification.vendor" value="Oracle Corporation"/>
    <property name="active" value="test"/>
    <property name="java.version.date" value="2024-04-16"/>
    <property name="java.home" value="C:\Program Files\Java\jdk-17.0.11"/>
    <property name="file.separator" value="\"/>
    <property name="basedir" value="C:\Users\craig\IdeaProjects\playwright-java-test-harness\api"/>
    <property name="java.vm.compressedOopsMode" value="Zero based"/>
    <property name="line.separator" value="&#10;"/>
    <property name="java.vm.specification.vendor" value="Oracle Corporation"/>
    <property name="java.specification.name" value="Java Platform API Specification"/>
    <property name="surefire.real.class.path" value="C:\Users\craig\AppData\Local\Temp\surefire16451561971159483001\surefirebooter-20250109215107922_10.jar"/>
    <property name="user.script" value=""/>
    <property name="sun.management.compiler" value="HotSpot 64-Bit Tiered Compilers"/>
    <property name="java.runtime.version" value="17.0.11+7-LTS-207"/>
    <property name="user.name" value="craig"/>
    <property name="path.separator" value=";"/>
    <property name="os.version" value="10.0"/>
    <property name="java.runtime.name" value="Java(TM) SE Runtime Environment"/>
    <property name="file.encoding" value="Cp1252"/>
    <property name="java.vm.name" value="Java HotSpot(TM) 64-Bit Server VM"/>
    <property name="localRepository" value="C:\Users\craig\.m2\repository"/>
    <property name="java.vendor.url.bug" value="https://bugreport.java.com/bugreport/"/>
    <property name="java.io.tmpdir" value="C:\Users\craig\AppData\Local\Temp\"/>
    <property name="java.version" value="17.0.11"/>
    <property name="user.dir" value="C:\Users\craig\IdeaProjects\playwright-java-test-harness\api"/>
    <property name="os.arch" value="amd64"/>
    <property name="java.vm.specification.name" value="Java Virtual Machine Specification"/>
    <property name="sun.os.patch.level" value=""/>
    <property name="native.encoding" value="Cp1252"/>
    <property name="java.library.path" value="C:\Program Files\Java\jdk-17.0.11\bin;C:\WINDOWS\Sun\Java\bin;C:\WINDOWS\system32;C:\WINDOWS;C:\WINDOWS\system32;C:\WINDOWS;C:\WINDOWS\System32\Wbem;C:\WINDOWS\System32\WindowsPowerShell\v1.0\;C:\WINDOWS\System32\OpenSSH\;C:\Program Files\apache-maven-3.9.9-bin\apache-maven-3.9.9\bin;C:\Program Files\Java\jdk-17.0.11\bin;C:\Program Files\Git\cmd;C:\Users\craig\AppData\Local\Microsoft\WindowsApps;;C:\Program Files\JetBrains\IntelliJ IDEA Community Edition 2024.1.4\bin;;."/>
    <property name="java.vm.info" value="mixed mode, sharing"/>
    <property name="java.vendor" value="Oracle Corporation"/>
    <property name="java.vm.version" value="17.0.11+7-LTS-207"/>
    <property name="sun.io.unicode.encoding" value="UnicodeLittle"/>
    <property name="java.class.version" value="61.0"/>
  </properties>
  <testcase name="testGetWeatherForDublin" classname="com.cmccarthyirl.api.test.WeatherAPITest" time="1.869">
    <system-out><![CDATA[&amp#27;[34m[2025-01-09 21:51:13,151]&amp#27;[0;39m [main] &amp#27;[34m[com.cmccarthyirl.common.XrayTestListener]:&amp#27;[0;39m &amp#27;[32m============= Starting test: testGetWeatherForDublin =============
&amp#27;[0;39m&amp#27;[34m[2025-01-09 21:51:15,027]&amp#27;[0;39m [main] &amp#27;[34m[com.cmccarthyirl.api.test.WeatherAPITest]:&amp#27;[0;39m &amp#27;[32mThe weather for Dublin is: {"coord":{"lon":-121.9358,"lat":37.7021},"weather":[{"id":800,"main":"Clear","description":"clear sky","icon":"01n"}],"base":"stations","main":{"temp":281.65,"feels_like":281.65,"temp_min":279.46,"temp_max":284.4,"pressure":1022,"humidity":62,"sea_level":1022,"grnd_level":996},"visibility":10000,"wind":{"speed":0,"deg":0},"clouds":{"all":0},"dt":1736419873,"sys":{"type":2,"id":2005759,"country":"US","sunrise":1736436177,"sunset":1736471200},"timezone":-28800,"id":5344157,"name":"Dublin","cod":200}
&amp#27;[0;39m]]></system-out>
    <system-err><![CDATA[SLF4J(I): Connected with provider of type [ch.qos.logback.classic.spi.LogbackServiceProvider]
]]></system-err>
  </testcase>
  <testcase name="testGetWeatherForSydney" classname="com.cmccarthyirl.api.test.WeatherAPITest" time="0.22">
    <system-out><![CDATA[&amp#27;[34m[2025-01-09 21:51:15,040]&amp#27;[0;39m [main] &amp#27;[34m[com.cmccarthyirl.common.XrayTestListener]:&amp#27;[0;39m &amp#27;[32m============= Passed test: testGetWeatherForDublin ==============
&amp#27;[0;39m&amp#27;[34m[2025-01-09 21:51:15,044]&amp#27;[0;39m [main] &amp#27;[34m[com.cmccarthyirl.common.XrayTestListener]:&amp#27;[0;39m &amp#27;[32m============= Starting test: testGetWeatherForSydney =============
&amp#27;[0;39m&amp#27;[34m[2025-01-09 21:51:15,265]&amp#27;[0;39m [main] &amp#27;[34m[com.cmccarthyirl.api.test.WeatherAPITest]:&amp#27;[0;39m &amp#27;[32mThe weather for Sydney is: {"coord":{"lon":151.2073,"lat":-33.8679},"weather":[{"id":801,"main":"Clouds","description":"few clouds","icon":"02n"}],"base":"stations","main":{"temp":294.23,"feels_like":294.61,"temp_min":293.4,"temp_max":295.02,"pressure":1016,"humidity":85,"sea_level":1016,"grnd_level":1010},"visibility":10000,"wind":{"speed":3.6,"deg":140},"clouds":{"all":20},"dt":1736419205,"sys":{"type":2,"id":2018875,"country":"AU","sunrise":1736362443,"sunset":1736413788},"timezone":39600,"id":2147714,"name":"Sydney","cod":200}
&amp#27;[0;39m]]></system-out>
  </testcase>
</testsuite>