<?xml version="1.0" encoding="UTF-8"?>
<!-- Generated by org.testng.reporters.JUnitReportReporter -->
<testsuite hostname="DESKTOP-OBE06FL" failures="0" tests="2" name="com.cmccarthyirl.ui.test.UITest" time="4.305" errors="0" timestamp="2025-01-08T14:29:12 AEDT" skipped="0">
  <testcase classname="com.cmccarthyirl.ui.test.UITest" name="searchForExactTitle" time="3.757"/>
  <testcase classname="com.cmccarthyirl.ui.test.UITest" name="searchForPartialTitle" time="0.548"/>
</testsuite> <!-- com.cmccarthyirl.ui.test.UITest -->
