<?xml version="1.0" encoding="UTF-8"?>
<!-- Generated by org.testng.reporters.JUnitReportReporter -->
<testsuite hostname="DESKTOP-OBE06FL" failures="0" tests="2" name="com.cmccarthyirl.ui.test.UITest" time="1.953" errors="0" timestamp="2025-01-09T22:10:52 AEDT" skipped="0">
  <testcase classname="com.cmccarthyirl.ui.test.UITest" name="searchForExactTitle" time="1.167"/>
  <testcase classname="com.cmccarthyirl.ui.test.UITest" name="searchForPartialTitle" time="0.786"/>
</testsuite> <!-- com.cmccarthyirl.ui.test.UITest -->
