<?xml version="1.0" encoding="UTF-8"?>
<!-- Generated by org.testng.reporters.JUnitReportReporter -->
<testsuite hostname="DESKTOP-OBE06FL" failures="0" tests="2" name="com.cmccarthyirl.ui.test.UITest" time="1.911" errors="0" timestamp="2025-01-10T00:33:03 AEDT" skipped="0">
  <testcase classname="com.cmccarthyirl.ui.test.UITest" name="searchForPartialTitle" time="0.671"/>
  <testcase classname="com.cmccarthyirl.ui.test.UITest" name="searchForExactTitle" time="1.240"/>
</testsuite> <!-- com.cmccarthyirl.ui.test.UITest -->
